[error][18:55] Error in withChatCompletion: Maximum call stack size exceeded
[error][18:55] Error in chatStream: RangeError: Maximum call stack size exceeded
[error][19:00] Error in withChatCompletion: Maximum call stack size exceeded
[error][19:00] Error in chatStream: RangeError: Maximum call stack size exceeded
[error][19:01] Error in withChatCompletion: Maximum call stack size exceeded
[error][19:01] Error in chatStream: RangeError: Maximum call stack size exceeded
[error][20:59] Error in withChatCompletion: Maximum call stack size exceeded
[error][20:59] Error in chatStream: RangeError: Maximum call stack size exceeded
[error][21:02] Error in withChatCompletion: Maximum call stack size exceeded
[error][21:02] Error in chatStream: RangeError: Maximum call stack size exceeded
[error][22:22] Error in withChatCompletion: Maximum call stack size exceeded
[error][22:22] Error in chatStream: RangeError: Maximum call stack size exceeded
[error][22:27] Error in withChatCompletion: Maximum call stack size exceeded
[error][22:27] Error in chatStream: RangeError: Maximum call stack size exceeded
[error][23:23] Error in withChatCompletion: Maximum call stack size exceeded
[error][23:23] Error in chatStream: RangeError: Maximum call stack size exceeded
[error][23:45] Error in withChatCompletion: Error building prompt from template: Invalid prompt schema: Single '}' in template.
[error][23:45] Error in chatStream: Error: Error building prompt from template: Invalid prompt schema: Single '}' in template.
[error][23:49] Error in withChatCompletion: (f-string) Missing value for input prompt
[error][23:49] Error in chatStream: Error: (f-string) Missing value for input prompt
[error][23:49] Error in withChatCompletion: Error building prompt from template: Invalid prompt schema: Single '}' in template.
[error][23:49] Error in chatStream: Error: Error building prompt from template: Invalid prompt schema: Single '}' in template.
[error][23:57] Error in withChatCompletion: Error building prompt from template: Invalid prompt schema: Single '}' in template.
[error][23:57] Error in chatStream: Error: Error building prompt from template: Invalid prompt schema: Single '}' in template.
[error][23:59] Error in withChatCompletion: Error building prompt from template: Invalid prompt schema: Single '}' in template.
[error][23:59] Error in chatStream: Error: Error building prompt from template: Invalid prompt schema: Single '}' in template.
